[2025-08-16 22:24:39,803] {taskinstance.py:1159} INFO - Dependencies all met for <TaskInstance: 1_load_initial_data.load_site_codes manual__2025-08-16T22:24:29.163570+00:00 [queued]>
[2025-08-16 22:24:39,814] {taskinstance.py:1159} INFO - Dependencies all met for <TaskInstance: 1_load_initial_data.load_site_codes manual__2025-08-16T22:24:29.163570+00:00 [queued]>
[2025-08-16 22:24:39,815] {taskinstance.py:1356} INFO - 
--------------------------------------------------------------------------------
[2025-08-16 22:24:39,816] {taskinstance.py:1357} INFO - Starting attempt 1 of 2
[2025-08-16 22:24:39,816] {taskinstance.py:1358} INFO - 
--------------------------------------------------------------------------------
[2025-08-16 22:24:39,832] {taskinstance.py:1377} INFO - Executing <Task(PostgresOperator): load_site_codes> on 2025-08-16 22:24:29.163570+00:00
[2025-08-16 22:24:39,838] {standard_task_runner.py:52} INFO - Started process 166 to run task
[2025-08-16 22:24:39,850] {standard_task_runner.py:79} INFO - Running: ['airflow', 'tasks', 'run', '1_load_initial_data', 'load_site_codes', 'manual__2025-08-16T22:24:29.163570+00:00', '--job-id', '28', '--raw', '--subdir', 'DAGS_FOLDER/initialise_data.py', '--cfg-path', '/tmp/tmpa3td4p7k', '--error-file', '/tmp/tmppaz7s0uz']
[2025-08-16 22:24:39,854] {standard_task_runner.py:80} INFO - Job 28: Subtask load_site_codes
[2025-08-16 22:24:39,968] {task_command.py:369} INFO - Running <TaskInstance: 1_load_initial_data.load_site_codes manual__2025-08-16T22:24:29.163570+00:00 [running]> on host f4989c8fe60b
[2025-08-16 22:24:40,074] {taskinstance.py:1569} INFO - Exporting the following env vars:
AIRFLOW_CTX_DAG_OWNER=airflow
AIRFLOW_CTX_DAG_ID=1_load_initial_data
AIRFLOW_CTX_TASK_ID=load_site_codes
AIRFLOW_CTX_EXECUTION_DATE=2025-08-16T22:24:29.163570+00:00
AIRFLOW_CTX_TRY_NUMBER=1
AIRFLOW_CTX_DAG_RUN_ID=manual__2025-08-16T22:24:29.163570+00:00
[2025-08-16 22:24:40,076] {sql.py:262} INFO - Executing: COPY dbt_raw_data.site_codes FROM '/sample_data/iata_codes.csv' DELIMITER ',' CSV HEADER;
[2025-08-16 22:24:40,112] {base.py:68} INFO - Using connection ID 'dbt_postgres_instance_raw_data' for task execution.
[2025-08-16 22:24:40,163] {logging_mixin.py:115} WARNING - /usr/local/lib/python3.8/site-packages/airflow/models/connection.py:339 DeprecationWarning: The "schema" arg has been renamed to "database" as it contained the database name.Please use "database" to set the database name.
[2025-08-16 22:24:40,189] {base.py:68} INFO - Using connection ID 'dbt_postgres_instance_raw_data' for task execution.
[2025-08-16 22:24:40,211] {sql.py:375} INFO - Running statement: COPY dbt_raw_data.site_codes FROM '/sample_data/iata_codes.csv' DELIMITER ',' CSV HEADER;, parameters: None
[2025-08-16 22:24:40,221] {sql.py:384} INFO - Rows affected: 11
[2025-08-16 22:24:40,265] {taskinstance.py:1395} INFO - Marking task as SUCCESS. dag_id=1_load_initial_data, task_id=load_site_codes, execution_date=20250816T222429, start_date=20250816T222439, end_date=20250816T222440
[2025-08-16 22:24:40,299] {local_task_job.py:156} INFO - Task exited with return code 0
[2025-08-16 22:24:40,399] {local_task_job.py:273} INFO - 0 downstream tasks scheduled from follow-on schedule check
