[2025-08-16 23:00:11,969] {taskinstance.py:1159} INFO - Dependencies all met for <TaskInstance: 1_load_initial_data.drop_table_currency_codes manual__2025-08-16T23:00:08.759833+00:00 [queued]>
[2025-08-16 23:00:11,989] {taskinstance.py:1159} INFO - Dependencies all met for <TaskInstance: 1_load_initial_data.drop_table_currency_codes manual__2025-08-16T23:00:08.759833+00:00 [queued]>
[2025-08-16 23:00:11,991] {taskinstance.py:1356} INFO - 
--------------------------------------------------------------------------------
[2025-08-16 23:00:11,992] {taskinstance.py:1357} INFO - Starting attempt 1 of 2
[2025-08-16 23:00:11,993] {taskinstance.py:1358} INFO - 
--------------------------------------------------------------------------------
[2025-08-16 23:00:12,016] {taskinstance.py:1377} INFO - Executing <Task(PostgresOperator): drop_table_currency_codes> on 2025-08-16 23:00:08.759833+00:00
[2025-08-16 23:00:12,043] {standard_task_runner.py:52} INFO - Started process 135 to run task
[2025-08-16 23:00:12,081] {standard_task_runner.py:79} INFO - Running: ['airflow', 'tasks', 'run', '1_load_initial_data', 'drop_table_currency_codes', 'manual__2025-08-16T23:00:08.759833+00:00', '--job-id', '6', '--raw', '--subdir', 'DAGS_FOLDER/initialise_data.py', '--cfg-path', '/tmp/tmpqodh5cup', '--error-file', '/tmp/tmp35sq_u1h']
[2025-08-16 23:00:12,091] {standard_task_runner.py:80} INFO - Job 6: Subtask drop_table_currency_codes
[2025-08-16 23:00:12,415] {task_command.py:369} INFO - Running <TaskInstance: 1_load_initial_data.drop_table_currency_codes manual__2025-08-16T23:00:08.759833+00:00 [running]> on host 03b58f608368
[2025-08-16 23:00:12,565] {taskinstance.py:1569} INFO - Exporting the following env vars:
AIRFLOW_CTX_DAG_OWNER=airflow
AIRFLOW_CTX_DAG_ID=1_load_initial_data
AIRFLOW_CTX_TASK_ID=drop_table_currency_codes
AIRFLOW_CTX_EXECUTION_DATE=2025-08-16T23:00:08.759833+00:00
AIRFLOW_CTX_TRY_NUMBER=1
AIRFLOW_CTX_DAG_RUN_ID=manual__2025-08-16T23:00:08.759833+00:00
[2025-08-16 23:00:12,568] {sql.py:262} INFO - Executing: DROP TABLE IF EXISTS dbt_raw_data.currency_codes;
[2025-08-16 23:00:12,594] {base.py:68} INFO - Using connection ID 'dbt_postgres_instance_raw_data' for task execution.
[2025-08-16 23:00:12,627] {logging_mixin.py:115} WARNING - /usr/local/lib/python3.8/site-packages/airflow/models/connection.py:339 DeprecationWarning: The "schema" arg has been renamed to "database" as it contained the database name.Please use "database" to set the database name.
[2025-08-16 23:00:12,646] {base.py:68} INFO - Using connection ID 'dbt_postgres_instance_raw_data' for task execution.
[2025-08-16 23:00:12,656] {sql.py:375} INFO - Running statement: DROP TABLE IF EXISTS dbt_raw_data.currency_codes;, parameters: None
[2025-08-16 23:00:12,678] {taskinstance.py:1395} INFO - Marking task as SUCCESS. dag_id=1_load_initial_data, task_id=drop_table_currency_codes, execution_date=20250816T230008, start_date=20250816T230011, end_date=20250816T230012
[2025-08-16 23:00:12,738] {local_task_job.py:156} INFO - Task exited with return code 0
[2025-08-16 23:00:12,811] {local_task_job.py:273} INFO - 1 downstream tasks scheduled from follow-on schedule check
