[2025-08-16 23:00:18,889] {taskinstance.py:1159} INFO - Dependencies all met for <TaskInstance: 1_load_initial_data.load_currency_codes manual__2025-08-16T23:00:08.759833+00:00 [queued]>
[2025-08-16 23:00:18,902] {taskinstance.py:1159} INFO - Dependencies all met for <TaskInstance: 1_load_initial_data.load_currency_codes manual__2025-08-16T23:00:08.759833+00:00 [queued]>
[2025-08-16 23:00:18,904] {taskinstance.py:1356} INFO - 
--------------------------------------------------------------------------------
[2025-08-16 23:00:18,905] {taskinstance.py:1357} INFO - Starting attempt 1 of 2
[2025-08-16 23:00:18,910] {taskinstance.py:1358} INFO - 
--------------------------------------------------------------------------------
[2025-08-16 23:00:18,927] {taskinstance.py:1377} INFO - Executing <Task(PostgresOperator): load_currency_codes> on 2025-08-16 23:00:08.759833+00:00
[2025-08-16 23:00:18,935] {standard_task_runner.py:52} INFO - Started process 158 to run task
[2025-08-16 23:00:18,944] {standard_task_runner.py:79} INFO - Running: ['airflow', 'tasks', 'run', '1_load_initial_data', 'load_currency_codes', 'manual__2025-08-16T23:00:08.759833+00:00', '--job-id', '16', '--raw', '--subdir', 'DAGS_FOLDER/initialise_data.py', '--cfg-path', '/tmp/tmpvnsqvhth', '--error-file', '/tmp/tmp2_jfj4mq']
[2025-08-16 23:00:18,948] {standard_task_runner.py:80} INFO - Job 16: Subtask load_currency_codes
[2025-08-16 23:00:19,040] {task_command.py:369} INFO - Running <TaskInstance: 1_load_initial_data.load_currency_codes manual__2025-08-16T23:00:08.759833+00:00 [running]> on host 03b58f608368
[2025-08-16 23:00:19,134] {taskinstance.py:1569} INFO - Exporting the following env vars:
AIRFLOW_CTX_DAG_OWNER=airflow
AIRFLOW_CTX_DAG_ID=1_load_initial_data
AIRFLOW_CTX_TASK_ID=load_currency_codes
AIRFLOW_CTX_EXECUTION_DATE=2025-08-16T23:00:08.759833+00:00
AIRFLOW_CTX_TRY_NUMBER=1
AIRFLOW_CTX_DAG_RUN_ID=manual__2025-08-16T23:00:08.759833+00:00
[2025-08-16 23:00:19,136] {sql.py:262} INFO - Executing: COPY dbt_raw_data.currency_codes FROM '/sample_data/historico_monedas.csv' DELIMITER ',' CSV HEADER;
[2025-08-16 23:00:19,153] {base.py:68} INFO - Using connection ID 'dbt_postgres_instance_raw_data' for task execution.
[2025-08-16 23:00:19,203] {logging_mixin.py:115} WARNING - /usr/local/lib/python3.8/site-packages/airflow/models/connection.py:339 DeprecationWarning: The "schema" arg has been renamed to "database" as it contained the database name.Please use "database" to set the database name.
[2025-08-16 23:00:19,221] {base.py:68} INFO - Using connection ID 'dbt_postgres_instance_raw_data' for task execution.
[2025-08-16 23:00:19,230] {sql.py:375} INFO - Running statement: COPY dbt_raw_data.currency_codes FROM '/sample_data/historico_monedas.csv' DELIMITER ',' CSV HEADER;, parameters: None
[2025-08-16 23:00:19,253] {sql.py:384} INFO - Rows affected: 80
[2025-08-16 23:00:19,293] {taskinstance.py:1395} INFO - Marking task as SUCCESS. dag_id=1_load_initial_data, task_id=load_currency_codes, execution_date=20250816T230008, start_date=20250816T230018, end_date=20250816T230019
[2025-08-16 23:00:19,358] {local_task_job.py:156} INFO - Task exited with return code 0
[2025-08-16 23:00:19,486] {local_task_job.py:273} INFO - 0 downstream tasks scheduled from follow-on schedule check
