[2025-08-16 23:00:14,253] {taskinstance.py:1159} INFO - Dependencies all met for <TaskInstance: 1_load_initial_data.create_currency_codes manual__2025-08-16T23:00:08.759833+00:00 [queued]>
[2025-08-16 23:00:14,263] {taskinstance.py:1159} INFO - Dependencies all met for <TaskInstance: 1_load_initial_data.create_currency_codes manual__2025-08-16T23:00:08.759833+00:00 [queued]>
[2025-08-16 23:00:14,264] {taskinstance.py:1356} INFO - 
--------------------------------------------------------------------------------
[2025-08-16 23:00:14,265] {taskinstance.py:1357} INFO - Starting attempt 1 of 2
[2025-08-16 23:00:14,266] {taskinstance.py:1358} INFO - 
--------------------------------------------------------------------------------
[2025-08-16 23:00:14,276] {taskinstance.py:1377} INFO - Executing <Task(PostgresOperator): create_currency_codes> on 2025-08-16 23:00:08.759833+00:00
[2025-08-16 23:00:14,280] {standard_task_runner.py:52} INFO - Started process 141 to run task
[2025-08-16 23:00:14,286] {standard_task_runner.py:79} INFO - Running: ['airflow', 'tasks', 'run', '1_load_initial_data', 'create_currency_codes', 'manual__2025-08-16T23:00:08.759833+00:00', '--job-id', '8', '--raw', '--subdir', 'DAGS_FOLDER/initialise_data.py', '--cfg-path', '/tmp/tmp49latjkq', '--error-file', '/tmp/tmpjhrkv6qr']
[2025-08-16 23:00:14,288] {standard_task_runner.py:80} INFO - Job 8: Subtask create_currency_codes
[2025-08-16 23:00:14,365] {task_command.py:369} INFO - Running <TaskInstance: 1_load_initial_data.create_currency_codes manual__2025-08-16T23:00:08.759833+00:00 [running]> on host 03b58f608368
[2025-08-16 23:00:14,449] {taskinstance.py:1569} INFO - Exporting the following env vars:
AIRFLOW_CTX_DAG_OWNER=airflow
AIRFLOW_CTX_DAG_ID=1_load_initial_data
AIRFLOW_CTX_TASK_ID=create_currency_codes
AIRFLOW_CTX_EXECUTION_DATE=2025-08-16T23:00:08.759833+00:00
AIRFLOW_CTX_TRY_NUMBER=1
AIRFLOW_CTX_DAG_RUN_ID=manual__2025-08-16T23:00:08.759833+00:00
[2025-08-16 23:00:14,450] {sql.py:262} INFO - Executing: 
    CREATE TABLE IF NOT EXISTS dbt_raw_data.currency_codes (
        date_currency TIMESTAMP PRIMARY KEY,
        ars DECIMAL(8,2),
        mxn DECIMAL(8,2),
        cop DECIMAL(8,2),
        brl DECIMAL(8,2),
        blue DECIMAL(8,2)
    );
    
[2025-08-16 23:00:14,475] {base.py:68} INFO - Using connection ID 'dbt_postgres_instance_raw_data' for task execution.
[2025-08-16 23:00:14,546] {logging_mixin.py:115} WARNING - /usr/local/lib/python3.8/site-packages/airflow/models/connection.py:339 DeprecationWarning: The "schema" arg has been renamed to "database" as it contained the database name.Please use "database" to set the database name.
[2025-08-16 23:00:14,568] {base.py:68} INFO - Using connection ID 'dbt_postgres_instance_raw_data' for task execution.
[2025-08-16 23:00:14,591] {sql.py:375} INFO - Running statement: 
    CREATE TABLE IF NOT EXISTS dbt_raw_data.currency_codes (
        date_currency TIMESTAMP PRIMARY KEY,
        ars DECIMAL(8,2),
        mxn DECIMAL(8,2),
        cop DECIMAL(8,2),
        brl DECIMAL(8,2),
        blue DECIMAL(8,2)
    );
    , parameters: None
[2025-08-16 23:00:14,629] {taskinstance.py:1395} INFO - Marking task as SUCCESS. dag_id=1_load_initial_data, task_id=create_currency_codes, execution_date=20250816T230008, start_date=20250816T230014, end_date=20250816T230014
[2025-08-16 23:00:14,659] {local_task_job.py:156} INFO - Task exited with return code 0
[2025-08-16 23:00:14,708] {local_task_job.py:273} INFO - 1 downstream tasks scheduled from follow-on schedule check
