[2025-08-16 23:00:22,482] {taskinstance.py:1159} INFO - Dependencies all met for <TaskInstance: 1_load_initial_data.load_site_codes manual__2025-08-16T23:00:08.759833+00:00 [queued]>
[2025-08-16 23:00:22,506] {taskinstance.py:1159} INFO - Dependencies all met for <TaskInstance: 1_load_initial_data.load_site_codes manual__2025-08-16T23:00:08.759833+00:00 [queued]>
[2025-08-16 23:00:22,509] {taskinstance.py:1356} INFO - 
--------------------------------------------------------------------------------
[2025-08-16 23:00:22,511] {taskinstance.py:1357} INFO - Starting attempt 1 of 2
[2025-08-16 23:00:22,515] {taskinstance.py:1358} INFO - 
--------------------------------------------------------------------------------
[2025-08-16 23:00:22,552] {taskinstance.py:1377} INFO - Executing <Task(PostgresOperator): load_site_codes> on 2025-08-16 23:00:08.759833+00:00
[2025-08-16 23:00:22,561] {standard_task_runner.py:52} INFO - Started process 163 to run task
[2025-08-16 23:00:22,573] {standard_task_runner.py:79} INFO - Running: ['airflow', 'tasks', 'run', '1_load_initial_data', 'load_site_codes', 'manual__2025-08-16T23:00:08.759833+00:00', '--job-id', '20', '--raw', '--subdir', 'DAGS_FOLDER/initialise_data.py', '--cfg-path', '/tmp/tmp328t9zn8', '--error-file', '/tmp/tmpndmrhsq9']
[2025-08-16 23:00:22,578] {standard_task_runner.py:80} INFO - Job 20: Subtask load_site_codes
[2025-08-16 23:00:22,698] {task_command.py:369} INFO - Running <TaskInstance: 1_load_initial_data.load_site_codes manual__2025-08-16T23:00:08.759833+00:00 [running]> on host 03b58f608368
[2025-08-16 23:00:22,885] {taskinstance.py:1569} INFO - Exporting the following env vars:
AIRFLOW_CTX_DAG_OWNER=airflow
AIRFLOW_CTX_DAG_ID=1_load_initial_data
AIRFLOW_CTX_TASK_ID=load_site_codes
AIRFLOW_CTX_EXECUTION_DATE=2025-08-16T23:00:08.759833+00:00
AIRFLOW_CTX_TRY_NUMBER=1
AIRFLOW_CTX_DAG_RUN_ID=manual__2025-08-16T23:00:08.759833+00:00
[2025-08-16 23:00:22,888] {sql.py:262} INFO - Executing: COPY dbt_raw_data.site_codes FROM '/sample_data/iata_codes.csv' DELIMITER ',' CSV HEADER;
[2025-08-16 23:00:22,919] {base.py:68} INFO - Using connection ID 'dbt_postgres_instance_raw_data' for task execution.
[2025-08-16 23:00:22,953] {logging_mixin.py:115} WARNING - /usr/local/lib/python3.8/site-packages/airflow/models/connection.py:339 DeprecationWarning: The "schema" arg has been renamed to "database" as it contained the database name.Please use "database" to set the database name.
[2025-08-16 23:00:22,970] {base.py:68} INFO - Using connection ID 'dbt_postgres_instance_raw_data' for task execution.
[2025-08-16 23:00:22,995] {sql.py:375} INFO - Running statement: COPY dbt_raw_data.site_codes FROM '/sample_data/iata_codes.csv' DELIMITER ',' CSV HEADER;, parameters: None
[2025-08-16 23:00:23,055] {sql.py:384} INFO - Rows affected: 11
[2025-08-16 23:00:23,090] {taskinstance.py:1395} INFO - Marking task as SUCCESS. dag_id=1_load_initial_data, task_id=load_site_codes, execution_date=20250816T230008, start_date=20250816T230022, end_date=20250816T230023
[2025-08-16 23:00:23,148] {local_task_job.py:156} INFO - Task exited with return code 0
[2025-08-16 23:00:23,204] {local_task_job.py:273} INFO - 0 downstream tasks scheduled from follow-on schedule check
